  main.cpp
  ofApp.cpp
C:\Users\a20dc\Downloads\of_v0.12.0_vs_release\libs\openFrameworks\utils\ofUtils.h(1,1): warning C4819: ファイルは、現在のコード ページ (932) で表示できない文字を含んでいます。データの損失を防ぐために、ファイルを Unicode 形式で保存してください。 (ソース ファイルをコンパイルしています src\main.cpp)
C:\Users\a20dc\Downloads\of_v0.12.0_vs_release\libs\openFrameworks\utils\ofUtils.h(1,1): warning C4819: ファイルは、現在のコード ページ (932) で表示できない文字を含んでいます。データの損失を防ぐために、ファイルを Unicode 形式で保存してください。 (ソース ファイルをコンパイルしています src\ofApp.cpp)
C:\Users\a20dc\Downloads\of_v0.12.0_vs_release\libs\openFrameworks\math\ofVec3f.h(1,1): warning C4819: ファイルは、現在のコード ページ (932) で表示できない文字を含んでいます。データの損失を防ぐために、ファイルを Unicode 形式で保存してください。 (ソース ファイルをコンパイルしています src\main.cpp)
C:\Users\a20dc\Downloads\of_v0.12.0_vs_release\libs\openFrameworks\math\ofVec2f.h(1,1): warning C4819: ファイルは、現在のコード ページ (932) で表示できない文字を含んでいます。データの損失を防ぐために、ファイルを Unicode 形式で保存してください。 (ソース ファイルをコンパイルしています src\main.cpp)
C:\Users\a20dc\Downloads\of_v0.12.0_vs_release\libs\openFrameworks\math\ofVec3f.h(1,1): warning C4819: ファイルは、現在のコード ページ (932) で表示できない文字を含んでいます。データの損失を防ぐために、ファイルを Unicode 形式で保存してください。 (ソース ファイルをコンパイルしています src\ofApp.cpp)
C:\Users\a20dc\Downloads\of_v0.12.0_vs_release\libs\openFrameworks\math\ofVec2f.h(1,1): warning C4819: ファイルは、現在のコード ページ (932) で表示できない文字を含んでいます。データの損失を防ぐために、ファイルを Unicode 形式で保存してください。 (ソース ファイルをコンパイルしています src\ofApp.cpp)
C:\Users\a20dc\Downloads\of_v0.12.0_vs_release\libs\openFrameworks\math\ofMatrix4x4.h(326,1): warning C4267: '引数': 'size_t' から 'int' に変換しました。データが失われているかもしれません。 (ソース ファイルをコンパイルしています src\main.cpp)
C:\Users\a20dc\Downloads\of_v0.12.0_vs_release\libs\openFrameworks\math\ofMatrix4x4.h(331,1): warning C4267: '引数': 'size_t' から 'int' に変換しました。データが失われているかもしれません。 (ソース ファイルをコンパイルしています src\main.cpp)
C:\Users\a20dc\Downloads\of_v0.12.0_vs_release\libs\openFrameworks\math\ofMatrix4x4.h(326,1): warning C4267: '引数': 'size_t' から 'int' に変換しました。データが失われているかもしれません。 (ソース ファイルをコンパイルしています src\ofApp.cpp)
C:\Users\a20dc\Downloads\of_v0.12.0_vs_release\libs\openFrameworks\math\ofMatrix4x4.h(331,1): warning C4267: '引数': 'size_t' から 'int' に変換しました。データが失われているかもしれません。 (ソース ファイルをコンパイルしています src\ofApp.cpp)
C:\Users\a20dc\Downloads\of_v0.12.0_vs_release\libs\openFrameworks\math\ofMatrix4x4.h(912,12): warning C4267: '引数': 'size_t' から 'int' に変換しました。データが失われているかもしれません。 (ソース ファイルをコンパイルしています src\main.cpp)
C:\Users\a20dc\Downloads\of_v0.12.0_vs_release\libs\openFrameworks\math\ofMatrix4x4.h(913,12): warning C4267: '引数': 'size_t' から 'int' に変換しました。データが失われているかもしれません。 (ソース ファイルをコンパイルしています src\main.cpp)
C:\Users\a20dc\Downloads\of_v0.12.0_vs_release\libs\openFrameworks\math\ofMatrix4x4.h(914,12): warning C4267: '引数': 'size_t' から 'int' に変換しました。データが失われているかもしれません。 (ソース ファイルをコンパイルしています src\main.cpp)
C:\Users\a20dc\Downloads\of_v0.12.0_vs_release\libs\openFrameworks\math\ofMatrix4x4.h(915,12): warning C4267: '引数': 'size_t' から 'int' に変換しました。データが失われているかもしれません。 (ソース ファイルをコンパイルしています src\main.cpp)
C:\Users\a20dc\Downloads\of_v0.12.0_vs_release\libs\openFrameworks\math\ofMatrix4x4.h(912,12): warning C4267: '引数': 'size_t' から 'int' に変換しました。データが失われているかもしれません。 (ソース ファイルをコンパイルしています src\ofApp.cpp)
C:\Users\a20dc\Downloads\of_v0.12.0_vs_release\libs\openFrameworks\math\ofMatrix4x4.h(913,12): warning C4267: '引数': 'size_t' から 'int' に変換しました。データが失われているかもしれません。 (ソース ファイルをコンパイルしています src\ofApp.cpp)
C:\Users\a20dc\Downloads\of_v0.12.0_vs_release\libs\openFrameworks\math\ofMatrix4x4.h(914,12): warning C4267: '引数': 'size_t' から 'int' に変換しました。データが失われているかもしれません。 (ソース ファイルをコンパイルしています src\ofApp.cpp)
C:\Users\a20dc\Downloads\of_v0.12.0_vs_release\libs\openFrameworks\math\ofMatrix4x4.h(915,12): warning C4267: '引数': 'size_t' から 'int' に変換しました。データが失われているかもしれません。 (ソース ファイルをコンパイルしています src\ofApp.cpp)
C:\Users\a20dc\Downloads\of_v0.12.0_vs_release\addons\ofxMaxim\libs\maximilian.h(384,3): warning C4996: 'sprintf': This function or variable may be unsafe. Consider using sprintf_s instead. To disable deprecation, use _CRT_SECURE_NO_WARNINGS. See online help for details. (ソース ファイルをコンパイルしています src\ofApp.cpp)
C:\Users\a20dc\Downloads\of_v0.12.0_vs_release\addons\ofxMaxim\libs\maximilian.h(384,3): warning C4996: 'sprintf': This function or variable may be unsafe. Consider using sprintf_s instead. To disable deprecation, use _CRT_SECURE_NO_WARNINGS. See online help for details. (ソース ファイルをコンパイルしています src\main.cpp)
LINK : warning LNK4075: /INCREMENTAL は /FORCE の指定によって無視されます。
  231110-algorithmic-ambient.vcxproj -> C:\Users\a20dc\Downloads\of_v0.12.0_vs_release\apps\prj_dhufes2023\231110-algorithmic-ambient\bin\231110-algorithmic-ambient_debug.exe
  
  	                   2	C:\Users\a20dc\Downloads\of_v0.12.0_vs_release\libs\fmod\lib\vs\x64\
  	  *EXTRA File 		 6942208	C:\Users\a20dc\Downloads\of_v0.12.0_vs_release\apps\prj_dhufes2023\231110-algorithmic-ambient\bin\FreeImage.dll
  
  	                   1	C:\Users\a20dc\Downloads\of_v0.12.0_vs_release\libs\FreeImage\lib\vs\x64\
  	  *EXTRA File 		 1826304	C:\Users\a20dc\Downloads\of_v0.12.0_vs_release\apps\prj_dhufes2023\231110-algorithmic-ambient\bin\fmod.dll
  	  *EXTRA File 		 2041856	C:\Users\a20dc\Downloads\of_v0.12.0_vs_release\apps\prj_dhufes2023\231110-algorithmic-ambient\bin\fmodL.dll
